
*** Running vivado
    with args -log TP3_design_my_led_0_0.vds -m64 -product Vivado -mode batch -messageDb vivado.pb -notrace -source TP3_design_my_led_0_0.tcl



****** Vivado v2021.2 (64-bit)
  **** SW Build 3367213 on Tue Oct 19 02:48:09 MDT 2021
  **** IP Build 3369179 on Thu Oct 21 08:25:16 MDT 2021
    ** Copyright 1986-2021 Xilinx, Inc. All Rights Reserved.

Sourcing tcl script 'C:/Users/Nijox/AppData/Roaming/Xilinx/Vivado/2021.2/Vivado_init.tcl'
source TP3_design_my_led_0_0.tcl -notrace
create_project: Time (s): cpu = 00:00:08 ; elapsed = 00:00:11 . Memory (MB): peak = 1309.047 ; gain = 558.301
INFO: [IP_Flow 19-234] Refreshing IP repositories
INFO: [IP_Flow 19-1700] Loaded user IP repository 'd:/FAC/Master/M1/S2/FPGA/TP/ip_repo/my_led_1.0'.
WARNING: [IP_Flow 19-2207] Repository 'd:/FAC/Master/M1/S2/FPGA/TP/ip_repo/my_led_1.0' already exists; ignoring attempt to add it again.
INFO: [IP_Flow 19-1700] Loaded user IP repository 'd:/FAC/Master/M1/S2/FPGA/TP/ip_repo/my_led_1.0'.
INFO: [IP_Flow 19-2313] Loaded Vivado IP repository 'D:/Vivado/Vivado/2021.2/data/ip'.
Command: synth_design -top TP3_design_my_led_0_0 -part xc7a35tcpg236-1 -mode out_of_context
Starting synth_design
Attempting to get a license for feature 'Synthesis' and/or device 'xc7a35t'
INFO: [Common 17-349] Got license for feature 'Synthesis' and/or device 'xc7a35t'
INFO: [Device 21-403] Loading part xc7a35tcpg236-1
INFO: [Synth 8-7079] Multithreading enabled for synth_design using a maximum of 2 processes.
INFO: [Synth 8-7078] Launching helper process for spawning children vivado processes
INFO: [Synth 8-7075] Helper process launched with PID 22696
---------------------------------------------------------------------------------
Starting RTL Elaboration : Time (s): cpu = 00:00:08 ; elapsed = 00:00:08 . Memory (MB): peak = 1309.047 ; gain = 0.000
---------------------------------------------------------------------------------
INFO: [Synth 8-638] synthesizing module 'TP3_design_my_led_0_0' [d:/FAC/Master/M1/S2/FPGA/TP/TP2/TP1part2.gen/sources_1/bd/TP3_design/ip/TP3_design_my_led_0_0/synth/TP3_design_my_led_0_0.vhd:83]
	Parameter C_S00_AXI_DATA_WIDTH bound to: 32 - type: integer 
	Parameter C_S00_AXI_ADDR_WIDTH bound to: 4 - type: integer 
INFO: [Synth 8-3491] module 'my_led_v1_0' declared at 'd:/FAC/Master/M1/S2/FPGA/TP/TP2/TP1part2.gen/sources_1/bd/TP3_design/ipshared/e186/hdl/my_led_v1_0.vhd:5' bound to instance 'U0' of component 'my_led_v1_0' [d:/FAC/Master/M1/S2/FPGA/TP/TP2/TP1part2.gen/sources_1/bd/TP3_design/ip/TP3_design_my_led_0_0/synth/TP3_design_my_led_0_0.vhd:150]
INFO: [Synth 8-638] synthesizing module 'my_led_v1_0' [d:/FAC/Master/M1/S2/FPGA/TP/TP2/TP1part2.gen/sources_1/bd/TP3_design/ipshared/e186/hdl/my_led_v1_0.vhd:50]
	Parameter C_S_AXI_DATA_WIDTH bound to: 32 - type: integer 
	Parameter C_S_AXI_ADDR_WIDTH bound to: 4 - type: integer 
INFO: [Synth 8-3491] module 'my_led_v1_0_S00_AXI' declared at 'd:/FAC/Master/M1/S2/FPGA/TP/TP2/TP1part2.gen/sources_1/bd/TP3_design/ipshared/e186/hdl/my_led_v1_0_S00_AXI.vhd:5' bound to instance 'my_led_v1_0_S00_AXI_inst' of component 'my_led_v1_0_S00_AXI' [d:/FAC/Master/M1/S2/FPGA/TP/TP2/TP1part2.gen/sources_1/bd/TP3_design/ipshared/e186/hdl/my_led_v1_0.vhd:87]
INFO: [Synth 8-638] synthesizing module 'my_led_v1_0_S00_AXI' [d:/FAC/Master/M1/S2/FPGA/TP/TP2/TP1part2.gen/sources_1/bd/TP3_design/ipshared/e186/hdl/my_led_v1_0_S00_AXI.vhd:86]
INFO: [Synth 8-226] default block is never used [d:/FAC/Master/M1/S2/FPGA/TP/TP2/TP1part2.gen/sources_1/bd/TP3_design/ipshared/e186/hdl/my_led_v1_0_S00_AXI.vhd:225]
INFO: [Synth 8-226] default block is never used [d:/FAC/Master/M1/S2/FPGA/TP/TP2/TP1part2.gen/sources_1/bd/TP3_design/ipshared/e186/hdl/my_led_v1_0_S00_AXI.vhd:355]
INFO: [Synth 8-638] synthesizing module 'led' [d:/FAC/Master/M1/S2/FPGA/TP/TP2/TP1part2.gen/sources_1/bd/TP3_design/ipshared/e186/src/my_led.vhd:11]
INFO: [Synth 8-256] done synthesizing module 'led' (1#1) [d:/FAC/Master/M1/S2/FPGA/TP/TP2/TP1part2.gen/sources_1/bd/TP3_design/ipshared/e186/src/my_led.vhd:11]
WARNING: [Synth 8-6014] Unused sequential element loc_addr_reg was removed.  [d:/FAC/Master/M1/S2/FPGA/TP/TP2/TP1part2.gen/sources_1/bd/TP3_design/ipshared/e186/hdl/my_led_v1_0_S00_AXI.vhd:223]
INFO: [Synth 8-256] done synthesizing module 'my_led_v1_0_S00_AXI' (2#1) [d:/FAC/Master/M1/S2/FPGA/TP/TP2/TP1part2.gen/sources_1/bd/TP3_design/ipshared/e186/hdl/my_led_v1_0_S00_AXI.vhd:86]
INFO: [Synth 8-256] done synthesizing module 'my_led_v1_0' (3#1) [d:/FAC/Master/M1/S2/FPGA/TP/TP2/TP1part2.gen/sources_1/bd/TP3_design/ipshared/e186/hdl/my_led_v1_0.vhd:50]
INFO: [Synth 8-256] done synthesizing module 'TP3_design_my_led_0_0' (4#1) [d:/FAC/Master/M1/S2/FPGA/TP/TP2/TP1part2.gen/sources_1/bd/TP3_design/ip/TP3_design_my_led_0_0/synth/TP3_design_my_led_0_0.vhd:83]
WARNING: [Synth 8-7129] Port S_AXI_AWPROT[2] in module my_led_v1_0_S00_AXI is either unconnected or has no load
WARNING: [Synth 8-7129] Port S_AXI_AWPROT[1] in module my_led_v1_0_S00_AXI is either unconnected or has no load
WARNING: [Synth 8-7129] Port S_AXI_AWPROT[0] in module my_led_v1_0_S00_AXI is either unconnected or has no load
WARNING: [Synth 8-7129] Port S_AXI_ARPROT[2] in module my_led_v1_0_S00_AXI is either unconnected or has no load
WARNING: [Synth 8-7129] Port S_AXI_ARPROT[1] in module my_led_v1_0_S00_AXI is either unconnected or has no load
WARNING: [Synth 8-7129] Port S_AXI_ARPROT[0] in module my_led_v1_0_S00_AXI is either unconnected or has no load
---------------------------------------------------------------------------------
Finished RTL Elaboration : Time (s): cpu = 00:00:09 ; elapsed = 00:00:10 . Memory (MB): peak = 1309.047 ; gain = 0.000
---------------------------------------------------------------------------------
---------------------------------------------------------------------------------
Start Handling Custom Attributes
---------------------------------------------------------------------------------
---------------------------------------------------------------------------------
Finished Handling Custom Attributes : Time (s): cpu = 00:00:10 ; elapsed = 00:00:10 . Memory (MB): peak = 1309.047 ; gain = 0.000
---------------------------------------------------------------------------------
---------------------------------------------------------------------------------
Finished RTL Optimization Phase 1 : Time (s): cpu = 00:00:10 ; elapsed = 00:00:10 . Memory (MB): peak = 1309.047 ; gain = 0.000
---------------------------------------------------------------------------------
Netlist sorting complete. Time (s): cpu = 00:00:00 ; elapsed = 00:00:00.008 . Memory (MB): peak = 1309.047 ; gain = 0.000
INFO: [Project 1-570] Preparing netlist for logic optimization

Processing XDC Constraints
Initializing timing engine
Completed Processing XDC Constraints

Netlist sorting complete. Time (s): cpu = 00:00:00 ; elapsed = 00:00:00 . Memory (MB): peak = 1309.047 ; gain = 0.000
INFO: [Project 1-111] Unisim Transformation Summary:
No Unisim elements were transformed.

Constraint Validation Runtime : Time (s): cpu = 00:00:00 ; elapsed = 00:00:00.020 . Memory (MB): peak = 1309.047 ; gain = 0.000
---------------------------------------------------------------------------------
Finished Constraint Validation : Time (s): cpu = 00:00:17 ; elapsed = 00:00:18 . Memory (MB): peak = 1309.047 ; gain = 0.000
---------------------------------------------------------------------------------
---------------------------------------------------------------------------------
Start Loading Part and Timing Information
---------------------------------------------------------------------------------
Loading part: xc7a35tcpg236-1
---------------------------------------------------------------------------------
Finished Loading Part and Timing Information : Time (s): cpu = 00:00:17 ; elapsed = 00:00:18 . Memory (MB): peak = 1309.047 ; gain = 0.000
---------------------------------------------------------------------------------
---------------------------------------------------------------------------------
Start Applying 'set_property' XDC Constraints
---------------------------------------------------------------------------------
---------------------------------------------------------------------------------
Finished applying 'set_property' XDC Constraints : Time (s): cpu = 00:00:17 ; elapsed = 00:00:18 . Memory (MB): peak = 1309.047 ; gain = 0.000
---------------------------------------------------------------------------------
---------------------------------------------------------------------------------
Finished RTL Optimization Phase 2 : Time (s): cpu = 00:00:18 ; elapsed = 00:00:18 . Memory (MB): peak = 1309.047 ; gain = 0.000
---------------------------------------------------------------------------------
---------------------------------------------------------------------------------
Start RTL Component Statistics 
---------------------------------------------------------------------------------
Detailed RTL Component Info : 
+---Registers : 
	               32 Bit    Registers := 5     
	                4 Bit    Registers := 2     
	                2 Bit    Registers := 2     
	                1 Bit    Registers := 6     
+---Muxes : 
	   2 Input   32 Bit        Muxes := 4     
	   4 Input   32 Bit        Muxes := 5     
	   2 Input    1 Bit        Muxes := 5     
---------------------------------------------------------------------------------
Finished RTL Component Statistics 
---------------------------------------------------------------------------------
---------------------------------------------------------------------------------
Start Part Resource Summary
---------------------------------------------------------------------------------
Part Resources:
DSPs: 90 (col length:60)
BRAMs: 100 (col length: RAMB18 60 RAMB36 30)
---------------------------------------------------------------------------------
Finished Part Resource Summary
---------------------------------------------------------------------------------
---------------------------------------------------------------------------------
Start Cross Boundary and Area Optimization
---------------------------------------------------------------------------------
WARNING: [Synth 8-7080] Parallel synthesis criteria is not met
WARNING: [Synth 8-7129] Port s00_axi_awprot[2] in module TP3_design_my_led_0_0 is either unconnected or has no load
WARNING: [Synth 8-7129] Port s00_axi_awprot[1] in module TP3_design_my_led_0_0 is either unconnected or has no load
WARNING: [Synth 8-7129] Port s00_axi_awprot[0] in module TP3_design_my_led_0_0 is either unconnected or has no load
WARNING: [Synth 8-7129] Port s00_axi_arprot[2] in module TP3_design_my_led_0_0 is either unconnected or has no load
WARNING: [Synth 8-7129] Port s00_axi_arprot[1] in module TP3_design_my_led_0_0 is either unconnected or has no load
WARNING: [Synth 8-7129] Port s00_axi_arprot[0] in module TP3_design_my_led_0_0 is either unconnected or has no load
---------------------------------------------------------------------------------
Finished Cross Boundary and Area Optimization : Time (s): cpu = 00:00:20 ; elapsed = 00:00:20 . Memory (MB): peak = 1309.047 ; gain = 0.000
---------------------------------------------------------------------------------
---------------------------------------------------------------------------------
Start Applying XDC Timing Constraints
---------------------------------------------------------------------------------
---------------------------------------------------------------------------------
Finished Applying XDC Timing Constraints : Time (s): cpu = 00:00:26 ; elapsed = 00:00:27 . Memory (MB): peak = 1309.047 ; gain = 0.000
---------------------------------------------------------------------------------
---------------------------------------------------------------------------------
Start Timing Optimization
---------------------------------------------------------------------------------
---------------------------------------------------------------------------------
Finished Timing Optimization : Time (s): cpu = 00:00:27 ; elapsed = 00:00:27 . Memory (MB): peak = 1309.047 ; gain = 0.000
---------------------------------------------------------------------------------
---------------------------------------------------------------------------------
Start Technology Mapping
---------------------------------------------------------------------------------
---------------------------------------------------------------------------------
Finished Technology Mapping : Time (s): cpu = 00:00:27 ; elapsed = 00:00:27 . Memory (MB): peak = 1309.047 ; gain = 0.000
---------------------------------------------------------------------------------
---------------------------------------------------------------------------------
Start IO Insertion
---------------------------------------------------------------------------------
---------------------------------------------------------------------------------
Start Flattening Before IO Insertion
---------------------------------------------------------------------------------
---------------------------------------------------------------------------------
Finished Flattening Before IO Insertion
---------------------------------------------------------------------------------
---------------------------------------------------------------------------------
Start Final Netlist Cleanup
---------------------------------------------------------------------------------
---------------------------------------------------------------------------------
Finished Final Netlist Cleanup
---------------------------------------------------------------------------------
---------------------------------------------------------------------------------
Finished IO Insertion : Time (s): cpu = 00:00:32 ; elapsed = 00:00:33 . Memory (MB): peak = 1309.047 ; gain = 0.000
---------------------------------------------------------------------------------
---------------------------------------------------------------------------------
Start Renaming Generated Instances
---------------------------------------------------------------------------------
---------------------------------------------------------------------------------
Finished Renaming Generated Instances : Time (s): cpu = 00:00:32 ; elapsed = 00:00:33 . Memory (MB): peak = 1309.047 ; gain = 0.000
---------------------------------------------------------------------------------
---------------------------------------------------------------------------------
Start Rebuilding User Hierarchy
---------------------------------------------------------------------------------
---------------------------------------------------------------------------------
Finished Rebuilding User Hierarchy : Time (s): cpu = 00:00:32 ; elapsed = 00:00:33 . Memory (MB): peak = 1309.047 ; gain = 0.000
---------------------------------------------------------------------------------
---------------------------------------------------------------------------------
Start Renaming Generated Ports
---------------------------------------------------------------------------------
---------------------------------------------------------------------------------
Finished Renaming Generated Ports : Time (s): cpu = 00:00:32 ; elapsed = 00:00:33 . Memory (MB): peak = 1309.047 ; gain = 0.000
---------------------------------------------------------------------------------
---------------------------------------------------------------------------------
Start Handling Custom Attributes
---------------------------------------------------------------------------------
---------------------------------------------------------------------------------
Finished Handling Custom Attributes : Time (s): cpu = 00:00:32 ; elapsed = 00:00:33 . Memory (MB): peak = 1309.047 ; gain = 0.000
---------------------------------------------------------------------------------
---------------------------------------------------------------------------------
Start Renaming Generated Nets
---------------------------------------------------------------------------------
---------------------------------------------------------------------------------
Finished Renaming Generated Nets : Time (s): cpu = 00:00:32 ; elapsed = 00:00:33 . Memory (MB): peak = 1309.047 ; gain = 0.000
---------------------------------------------------------------------------------
---------------------------------------------------------------------------------
Start Writing Synthesis Report
---------------------------------------------------------------------------------

Report BlackBoxes: 
+-+--------------+----------+
| |BlackBox name |Instances |
+-+--------------+----------+
+-+--------------+----------+

Report Cell Usage: 
+------+-----+------+
|      |Cell |Count |
+------+-----+------+
|1     |LUT1 |     1|
|2     |LUT2 |     1|
|3     |LUT3 |     1|
|4     |LUT4 |    22|
|5     |LUT6 |    36|
|6     |FDRE |   167|
|7     |FDSE |     3|
+------+-----+------+
---------------------------------------------------------------------------------
Finished Writing Synthesis Report : Time (s): cpu = 00:00:32 ; elapsed = 00:00:33 . Memory (MB): peak = 1309.047 ; gain = 0.000
---------------------------------------------------------------------------------
Synthesis finished with 0 errors, 0 critical warnings and 7 warnings.
Synthesis Optimization Runtime : Time (s): cpu = 00:00:20 ; elapsed = 00:00:31 . Memory (MB): peak = 1309.047 ; gain = 0.000
Synthesis Optimization Complete : Time (s): cpu = 00:00:32 ; elapsed = 00:00:33 . Memory (MB): peak = 1309.047 ; gain = 0.000
INFO: [Project 1-571] Translating synthesized netlist
Netlist sorting complete. Time (s): cpu = 00:00:00 ; elapsed = 00:00:00.005 . Memory (MB): peak = 1309.047 ; gain = 0.000
INFO: [Project 1-570] Preparing netlist for logic optimization
INFO: [Opt 31-138] Pushed 0 inverter(s) to 0 load pin(s).
Netlist sorting complete. Time (s): cpu = 00:00:00 ; elapsed = 00:00:00 . Memory (MB): peak = 1309.047 ; gain = 0.000
INFO: [Project 1-111] Unisim Transformation Summary:
No Unisim elements were transformed.

Synth Design complete, checksum: 92bc2936
INFO: [Common 17-83] Releasing license: Synthesis
28 Infos, 15 Warnings, 0 Critical Warnings and 0 Errors encountered.
synth_design completed successfully
synth_design: Time (s): cpu = 00:00:36 ; elapsed = 00:00:41 . Memory (MB): peak = 1309.047 ; gain = 0.000
INFO: [Common 17-1381] The checkpoint 'D:/FAC/Master/M1/S2/FPGA/TP/TP2/TP1part2.runs/TP3_design_my_led_0_0_synth_1/TP3_design_my_led_0_0.dcp' has been generated.
INFO: [Coretcl 2-1648] Added synthesis output to IP cache for IP TP3_design_my_led_0_0, cache-ID = ab50ae900fcffb1a
INFO: [Coretcl 2-1174] Renamed 2 cell refs.
INFO: [Common 17-1381] The checkpoint 'D:/FAC/Master/M1/S2/FPGA/TP/TP2/TP1part2.runs/TP3_design_my_led_0_0_synth_1/TP3_design_my_led_0_0.dcp' has been generated.
INFO: [runtcl-4] Executing : report_utilization -file TP3_design_my_led_0_0_utilization_synth.rpt -pb TP3_design_my_led_0_0_utilization_synth.pb
INFO: [Common 17-206] Exiting Vivado at Mon Feb 23 17:11:51 2026...
